# JRE version: OpenJDK Runtime Environment (22.0.2+9) (build 22.0.2+9-70)
# Java VM: OpenJDK 64-Bit Server VM (22.0.2+9-70, mixed mode, sharing, tiered, compressed oops, compressed class ptrs, g1 gc, windows-amd64)
GC Precious Log:
 CardTable entry size: 512
 Card Set container configuration: InlinePtr #cards 5 size 8 Array Of Cards #cards 12 size 40 Howl #buckets 4 coarsen threshold 1843 Howl Bitmap #cards 512 size 80 coarsen threshold 460 Card regions per heap region 1 cards per card region 2048
 CPUs: 2 total, 2 available
 Memory: 1935M
 Large Page Support: Disabled
 NUMA Support: Disabled
 Compressed Oops: Enabled (32-bit)
 Heap Region Size: 1M
 Heap Min Capacity: 256M
 Heap Initial Capacity: 256M
 Heap Max Capacity: 512M
 Pre-touch: Disabled
 Parallel Workers: 2
 Concurrent Workers: 1
 Concurrent Refinement Workers: 2
 Periodic GC: Disabled
Heap:
 garbage-first heap   total reserved 524288K, committed 262144K, used 153223K [0x00000000e0000000, 0x0000000100000000)
  region size 1024K, 73 young (74752K), 11 survivors (11264K)
 Metaspace       used 53487K, committed 55168K, reserved 393216K
  class space    used 7519K, committed 8256K, reserved 327680K
GC Heap History (20 events):
Event: 151.468 GC heap before
{Heap before GC invocations=60 (full 0):
 garbage-first heap   total reserved 524288K, committed 262144K, used 228940K [0x00000000e0000000, 0x0000000100000000)
  region size 1024K, 153 young (156672K), 11 survivors (11264K)
 Metaspace       used 53509K, committed 55104K, reserved 393216K
  class space    used 7529K, committed 8256K, reserved 327680K
}
Event: 151.490 GC heap after
{Heap after GC invocations=61 (full 0):
 garbage-first heap   total reserved 524288K, committed 262144K, used 84211K [0x00000000e0000000, 0x0000000100000000)
  region size 1024K, 7 young (7168K), 7 survivors (7168K)
 Metaspace       used 53509K, committed 55104K, reserved 393216K
  class space    used 7529K, committed 8256K, reserved 327680K
}
Event: 152.270 GC heap before
{Heap before GC invocations=61 (full 0):
 garbage-first heap   total reserved 524288K, committed 262144K, used 234739K [0x00000000e0000000, 0x0000000100000000)
  region size 1024K, 153 young (156672K), 7 survivors (7168K)
 Metaspace       used 53511K, committed 55104K, reserved 393216K
  class space    used 7529K, committed 8256K, reserved 327680K
}
Event: 152.299 GC heap after
{Heap after GC invocations=62 (full 0):
 garbage-first heap   total reserved 524288K, committed 262144K, used 83968K [0x00000000e0000000, 0x0000000100000000)
  region size 1024K, 8 young (8192K), 8 survivors (8192K)
 Metaspace       used 53511K, committed 55104K, reserved 393216K
  class space    used 7529K, committed 8256K, reserved 327680K
}
Event: 160.121 GC heap before
{Heap before GC invocations=62 (full 0):
 garbage-first heap   total reserved 524288K, committed 262144K, used 232448K [0x00000000e0000000, 0x0000000100000000)
  region size 1024K, 153 young (156672K), 8 survivors (8192K)
 Metaspace       used 53513K, committed 55104K, reserved 393216K
  class space    used 7529K, committed 8256K, reserved 327680K
}
Event: 160.141 GC heap after
{Heap after GC invocations=63 (full 0):
 garbage-first heap   total reserved 524288K, committed 262144K, used 84992K [0x00000000e0000000, 0x0000000100000000)
  region size 1024K, 9 young (9216K), 9 survivors (9216K)
 Metaspace       used 53513K, committed 55104K, reserved 393216K
  class space    used 7529K, committed 8256K, reserved 327680K
}
Event: 167.267 GC heap before
{Heap before GC invocations=64 (full 0):
 garbage-first heap   total reserved 524288K, committed 262144K, used 232448K [0x00000000e0000000, 0x0000000100000000)
  region size 1024K, 153 young (156672K), 9 survivors (9216K)
 Metaspace       used 53486K, committed 55168K, reserved 393216K
  class space    used 7519K, committed 8256K, reserved 327680K
}
Event: 167.289 GC heap after
{Heap after GC invocations=65 (full 0):
 garbage-first heap   total reserved 524288K, committed 262144K, used 86016K [0x00000000e0000000, 0x0000000100000000)
  region size 1024K, 10 young (10240K), 10 survivors (10240K)
 Metaspace       used 53486K, committed 55168K, reserved 393216K
  class space    used 7519K, committed 8256K, reserved 327680K
}
Event: 169.161 GC heap before
{Heap before GC invocations=65 (full 0):
 garbage-first heap   total reserved 524288K, committed 262144K, used 232448K [0x00000000e0000000, 0x0000000100000000)
  region size 1024K, 153 young (156672K), 10 survivors (10240K)
 Metaspace       used 53486K, committed 55168K, reserved 393216K
  class space    used 7519K, committed 8256K, reserved 327680K
}
Event: 169.221 GC heap after
{Heap after GC invocations=66 (full 0):
 garbage-first heap   total reserved 524288K, committed 262144K, used 86793K [0x00000000e0000000, 0x0000000100000000)
  region size 1024K, 12 young (12288K), 12 survivors (12288K)
 Metaspace       used 53486K, committed 55168K, reserved 393216K
  class space    used 7519K, committed 8256K, reserved 327680K
}
Event: 171.665 GC heap before
{Heap before GC invocations=66 (full 0):
 garbage-first heap   total reserved 524288K, committed 262144K, used 231177K [0x00000000e0000000, 0x0000000100000000)
  region size 1024K, 153 young (156672K), 12 survivors (12288K)
 Metaspace       used 53486K, committed 55168K, reserved 393216K
  class space    used 7519K, committed 8256K, reserved 327680K
}
Event: 171.696 GC heap after
{Heap after GC invocations=67 (full 0):
 garbage-first heap   total reserved 524288K, committed 262144K, used 87074K [0x00000000e0000000, 0x0000000100000000)
  region size 1024K, 11 young (11264K), 11 survivors (11264K)
 Metaspace       used 53486K, committed 55168K, reserved 393216K
  class space    used 7519K, committed 8256K, reserved 327680K
}
Event: 173.805 GC heap before
{Heap before GC invocations=68 (full 0):
 garbage-first heap   total reserved 524288K, committed 262144K, used 232482K [0x00000000e0000000, 0x0000000100000000)
  region size 1024K, 153 young (156672K), 11 survivors (11264K)
 Metaspace       used 53486K, committed 55168K, reserved 393216K
  class space    used 7519K, committed 8256K, reserved 327680K
}
Event: 173.833 GC heap after
{Heap after GC invocations=69 (full 0):
 garbage-first heap   total reserved 524288K, committed 262144K, used 88389K [0x00000000e0000000, 0x0000000100000000)
  region size 1024K, 11 young (11264K), 11 survivors (11264K)
 Metaspace       used 53486K, committed 55168K, reserved 393216K
  class space    used 7519K, committed 8256K, reserved 327680K
}
Event: 175.179 GC heap before
{Heap before GC invocations=69 (full 0):
 garbage-first heap   total reserved 524288K, committed 262144K, used 233797K [0x00000000e0000000, 0x0000000100000000)
  region size 1024K, 153 young (156672K), 11 survivors (11264K)
 Metaspace       used 53486K, committed 55168K, reserved 393216K
  class space    used 7519K, committed 8256K, reserved 327680K
}
Event: 175.215 GC heap after
{Heap after GC invocations=70 (full 0):
 garbage-first heap   total reserved 524288K, committed 262144K, used 88723K [0x00000000e0000000, 0x0000000100000000)
  region size 1024K, 11 young (11264K), 11 survivors (11264K)
 Metaspace       used 53486K, committed 55168K, reserved 393216K
  class space    used 7519K, committed 8256K, reserved 327680K
}
Event: 175.869 GC heap before
{Heap before GC invocations=70 (full 0):
 garbage-first heap   total reserved 524288K, committed 262144K, used 234131K [0x00000000e0000000, 0x0000000100000000)
  region size 1024K, 153 young (156672K), 11 survivors (11264K)
 Metaspace       used 53486K, committed 55168K, reserved 393216K
  class space    used 7519K, committed 8256K, reserved 327680K
}
Event: 175.896 GC heap after
{Heap after GC invocations=71 (full 0):
 garbage-first heap   total reserved 524288K, committed 262144K, used 89618K [0x00000000e0000000, 0x0000000100000000)
  region size 1024K, 11 young (11264K), 11 survivors (11264K)
 Metaspace       used 53486K, committed 55168K, reserved 393216K
  class space    used 7519K, committed 8256K, reserved 327680K
}
Event: 176.913 GC heap before
{Heap before GC invocations=72 (full 0):
 garbage-first heap   total reserved 524288K, committed 262144K, used 235026K [0x00000000e0000000, 0x0000000100000000)
  region size 1024K, 153 young (156672K), 11 survivors (11264K)
 Metaspace       used 53487K, committed 55168K, reserved 393216K
  class space    used 7519K, committed 8256K, reserved 327680K
}
Event: 176.949 GC heap after
{Heap after GC invocations=73 (full 0):
 garbage-first heap   total reserved 524288K, committed 262144K, used 90759K [0x00000000e0000000, 0x0000000100000000)
  region size 1024K, 11 young (11264K), 11 survivors (11264K)
 Metaspace       used 53487K, committed 55168K, reserved 393216K
  class space    used 7519K, committed 8256K, reserved 327680K
}

